{"/Users/simonblomsterlund/src/version-filer/changelog-filer/src/index.ts": {"path":"/Users/simonblomsterlund/src/version-filer/changelog-filer/src/index.ts","statementMap":{"0":{"start":{"line":1,"column":0},"end":{"line":1,"column":37}},"1":{"start":{"line":3,"column":0},"end":{"line":3,"column":41}},"2":{"start":{"line":4,"column":0},"end":{"line":4,"column":39}},"3":{"start":{"line":12,"column":4},"end":{"line":71,"column":null}},"4":{"start":{"line":13,"column":22},"end":{"line":13,"column":44}},"5":{"start":{"line":14,"column":30},"end":{"line":14,"column":52}},"6":{"start":{"line":15,"column":33},"end":{"line":15,"column":58}},"7":{"start":{"line":16,"column":37},"end":{"line":16,"column":66}},"8":{"start":{"line":17,"column":40},"end":{"line":17,"column":73}},"9":{"start":{"line":19,"column":34},"end":{"line":19,"column":58}},"10":{"start":{"line":23,"column":12},"end":{"line":23,"column":36}},"11":{"start":{"line":25,"column":8},"end":{"line":25,"column":null}},"12":{"start":{"line":26,"column":8},"end":{"line":26,"column":null}},"13":{"start":{"line":31,"column":8},"end":{"line":31,"column":null}},"14":{"start":{"line":33,"column":8},"end":{"line":49,"column":null}},"15":{"start":{"line":35,"column":39},"end":{"line":35,"column":81}},"16":{"start":{"line":36,"column":16},"end":{"line":36,"column":null}},"17":{"start":{"line":37,"column":16},"end":{"line":37,"column":null}},"18":{"start":{"line":38,"column":16},"end":{"line":38,"column":21}},"19":{"start":{"line":41,"column":49},"end":{"line":41,"column":92}},"20":{"start":{"line":42,"column":16},"end":{"line":42,"column":null}},"21":{"start":{"line":43,"column":16},"end":{"line":43,"column":null}},"22":{"start":{"line":44,"column":16},"end":{"line":44,"column":21}},"23":{"start":{"line":47,"column":16},"end":{"line":47,"column":null}},"24":{"start":{"line":51,"column":24},"end":{"line":51,"column":55}},"25":{"start":{"line":52,"column":8},"end":{"line":52,"column":null}},"26":{"start":{"line":53,"column":8},"end":{"line":53,"column":null}},"27":{"start":{"line":55,"column":8},"end":{"line":57,"column":null}},"28":{"start":{"line":56,"column":12},"end":{"line":56,"column":null}},"29":{"start":{"line":58,"column":8},"end":{"line":58,"column":null}},"30":{"start":{"line":60,"column":28},"end":{"line":60,"column":53}},"31":{"start":{"line":62,"column":8},"end":{"line":62,"column":null}},"32":{"start":{"line":64,"column":8},"end":{"line":64,"column":null}},"33":{"start":{"line":65,"column":8},"end":{"line":65,"column":null}},"34":{"start":{"line":66,"column":8},"end":{"line":66,"column":null}},"35":{"start":{"line":67,"column":8},"end":{"line":67,"column":null}},"36":{"start":{"line":68,"column":8},"end":{"line":68,"column":null}},"37":{"start":{"line":70,"column":8},"end":{"line":70,"column":null}},"38":{"start":{"line":70,"column":36},"end":{"line":70,"column":null}},"39":{"start":{"line":78,"column":20},"end":{"line":78,"column":38}},"40":{"start":{"line":80,"column":4},"end":{"line":82,"column":null}},"41":{"start":{"line":81,"column":8},"end":{"line":81,"column":null}},"42":{"start":{"line":84,"column":4},"end":{"line":84,"column":null}},"43":{"start":{"line":86,"column":4},"end":{"line":86,"column":null}},"44":{"start":{"line":92,"column":23},"end":{"line":92,"column":58}},"45":{"start":{"line":93,"column":4},"end":{"line":93,"column":null}},"46":{"start":{"line":95,"column":4},"end":{"line":97,"column":null}},"47":{"start":{"line":96,"column":8},"end":{"line":96,"column":null}},"48":{"start":{"line":99,"column":29},"end":{"line":99,"column":61}},"49":{"start":{"line":101,"column":4},"end":{"line":103,"column":null}},"50":{"start":{"line":102,"column":8},"end":{"line":102,"column":null}},"51":{"start":{"line":104,"column":4},"end":{"line":104,"column":null}},"52":{"start":{"line":106,"column":4},"end":{"line":106,"column":null}},"53":{"start":{"line":111,"column":4},"end":{"line":113,"column":null}},"54":{"start":{"line":112,"column":8},"end":{"line":112,"column":null}},"55":{"start":{"line":121,"column":26},"end":{"line":123,"column":null}},"56":{"start":{"line":125,"column":4},"end":{"line":125,"column":null}},"57":{"start":{"line":127,"column":4},"end":{"line":130,"column":null}},"58":{"start":{"line":128,"column":8},"end":{"line":128,"column":null}},"59":{"start":{"line":129,"column":8},"end":{"line":129,"column":null}},"60":{"start":{"line":147,"column":22},"end":{"line":147,"column":72}},"61":{"start":{"line":149,"column":4},"end":{"line":151,"column":null}},"62":{"start":{"line":150,"column":8},"end":{"line":150,"column":null}},"63":{"start":{"line":152,"column":4},"end":{"line":162,"column":null}},"64":{"start":{"line":154,"column":29},"end":{"line":154,"column":53}},"65":{"start":{"line":155,"column":12},"end":{"line":155,"column":null}},"66":{"start":{"line":157,"column":29},"end":{"line":157,"column":53}},"67":{"start":{"line":158,"column":12},"end":{"line":158,"column":null}},"68":{"start":{"line":160,"column":29},"end":{"line":160,"column":53}},"69":{"start":{"line":161,"column":12},"end":{"line":161,"column":null}},"70":{"start":{"line":146,"column":0},"end":{"line":146,"column":16}},"71":{"start":{"line":166,"column":4},"end":{"line":166,"column":null}},"72":{"start":{"line":165,"column":0},"end":{"line":165,"column":16}},"73":{"start":{"line":169,"column":4},"end":{"line":169,"column":null}},"74":{"start":{"line":168,"column":0},"end":{"line":168,"column":16}},"75":{"start":{"line":174,"column":31},"end":{"line":174,"column":33}},"76":{"start":{"line":175,"column":4},"end":{"line":175,"column":null}},"77":{"start":{"line":176,"column":4},"end":{"line":176,"column":null}},"78":{"start":{"line":177,"column":4},"end":{"line":177,"column":null}},"79":{"start":{"line":178,"column":4},"end":{"line":178,"column":null}},"80":{"start":{"line":179,"column":4},"end":{"line":179,"column":null}},"81":{"start":{"line":180,"column":4},"end":{"line":180,"column":null}},"82":{"start":{"line":181,"column":4},"end":{"line":181,"column":null}},"83":{"start":{"line":183,"column":4},"end":{"line":183,"column":null}},"84":{"start":{"line":171,"column":0},"end":{"line":171,"column":16}},"85":{"start":{"line":187,"column":21},"end":{"line":189,"column":6}},"86":{"start":{"line":188,"column":8},"end":{"line":188,"column":null}},"87":{"start":{"line":190,"column":4},"end":{"line":190,"column":null}},"88":{"start":{"line":190,"column":52},"end":{"line":190,"column":62}},"89":{"start":{"line":186,"column":0},"end":{"line":186,"column":16}},"90":{"start":{"line":195,"column":24},"end":{"line":195,"column":32}},"91":{"start":{"line":196,"column":25},"end":{"line":196,"column":56}},"92":{"start":{"line":197,"column":21},"end":{"line":199,"column":12}},"93":{"start":{"line":198,"column":8},"end":{"line":198,"column":null}},"94":{"start":{"line":200,"column":18},"end":{"line":200,"column":24}},"95":{"start":{"line":201,"column":19},"end":{"line":201,"column":68}},"96":{"start":{"line":203,"column":26},"end":{"line":203,"column":53}},"97":{"start":{"line":204,"column":4},"end":{"line":207,"column":null}},"98":{"start":{"line":205,"column":8},"end":{"line":205,"column":null}},"99":{"start":{"line":206,"column":8},"end":{"line":206,"column":null}},"100":{"start":{"line":208,"column":4},"end":{"line":208,"column":null}},"101":{"start":{"line":194,"column":0},"end":{"line":194,"column":16}},"102":{"start":{"line":212,"column":18},"end":{"line":212,"column":114}},"103":{"start":{"line":214,"column":24},"end":{"line":214,"column":90}},"104":{"start":{"line":215,"column":18},"end":{"line":224,"column":27}},"105":{"start":{"line":216,"column":34},"end":{"line":216,"column":59}},"106":{"start":{"line":217,"column":34},"end":{"line":217,"column":50}},"107":{"start":{"line":219,"column":27},"end":{"line":221,"column":27}},"108":{"start":{"line":220,"column":16},"end":{"line":220,"column":null}},"109":{"start":{"line":223,"column":12},"end":{"line":223,"column":null}},"110":{"start":{"line":226,"column":4},"end":{"line":226,"column":null}},"111":{"start":{"line":211,"column":0},"end":{"line":211,"column":16}},"112":{"start":{"line":230,"column":25},"end":{"line":230,"column":48}},"113":{"start":{"line":231,"column":28},"end":{"line":231,"column":50}},"114":{"start":{"line":232,"column":4},"end":{"line":232,"column":null}},"115":{"start":{"line":236,"column":25},"end":{"line":236,"column":48}},"116":{"start":{"line":237,"column":21},"end":{"line":237,"column":60}},"117":{"start":{"line":235,"column":0},"end":{"line":235,"column":22}},"118":{"start":{"line":240,"column":0},"end":{"line":240,"column":null}}},"fnMap":{"0":{"name":"run","decl":{"start":{"line":11,"column":15},"end":{"line":11,"column":18}},"loc":{"start":{"line":11,"column":18},"end":{"line":72,"column":null}}},"1":{"name":"handleIssueCommentEvent","decl":{"start":{"line":74,"column":9},"end":{"line":74,"column":32}},"loc":{"start":{"line":76,"column":27},"end":{"line":87,"column":1}}},"2":{"name":"handlePullRequestEvent","decl":{"start":{"line":89,"column":15},"end":{"line":89,"column":37}},"loc":{"start":{"line":91,"column":26},"end":{"line":108,"column":null}}},"3":{"name":"findChangelogComment","decl":{"start":{"line":110,"column":9},"end":{"line":110,"column":29}},"loc":{"start":{"line":110,"column":62},"end":{"line":115,"column":1}}},"4":{"name":"(anonymous_19)","decl":{"start":{"line":111,"column":27},"end":{"line":111,"column":34}},"loc":{"start":{"line":111,"column":37},"end":{"line":113,"column":5}}},"5":{"name":"getPrComments","decl":{"start":{"line":117,"column":15},"end":{"line":117,"column":28}},"loc":{"start":{"line":119,"column":26},"end":{"line":132,"column":null}}},"6":{"name":"(anonymous_22)","decl":{"start":{"line":127,"column":34},"end":{"line":127,"column":41}},"loc":{"start":{"line":127,"column":44},"end":{"line":130,"column":5}}},"7":{"name":"calculateVersion","decl":{"start":{"line":146,"column":16},"end":{"line":146,"column":32}},"loc":{"start":{"line":146,"column":77},"end":{"line":163,"column":1}}},"8":{"name":"handleChangelogComment","decl":{"start":{"line":165,"column":16},"end":{"line":165,"column":38}},"loc":{"start":{"line":165,"column":54},"end":{"line":167,"column":1}}},"9":{"name":"splitCommentToParts","decl":{"start":{"line":168,"column":16},"end":{"line":168,"column":35}},"loc":{"start":{"line":168,"column":51},"end":{"line":170,"column":1}}},"10":{"name":"getChangelogValues","decl":{"start":{"line":171,"column":16},"end":{"line":171,"column":34}},"loc":{"start":{"line":171,"column":50},"end":{"line":184,"column":1}}},"11":{"name":"getChangelogPartLines","decl":{"start":{"line":186,"column":16},"end":{"line":186,"column":37}},"loc":{"start":{"line":186,"column":70},"end":{"line":192,"column":1}}},"12":{"name":"(anonymous_28)","decl":{"start":{"line":187,"column":32},"end":{"line":187,"column":33}},"loc":{"start":{"line":187,"column":36},"end":{"line":189,"column":5}}},"13":{"name":"(anonymous_29)","decl":{"start":{"line":190,"column":45},"end":{"line":190,"column":48}},"loc":{"start":{"line":190,"column":52},"end":{"line":190,"column":62}}},"14":{"name":"getVersionType","decl":{"start":{"line":194,"column":16},"end":{"line":194,"column":30}},"loc":{"start":{"line":194,"column":46},"end":{"line":209,"column":1}}},"15":{"name":"(anonymous_31)","decl":{"start":{"line":197,"column":41},"end":{"line":197,"column":42}},"loc":{"start":{"line":197,"column":45},"end":{"line":199,"column":5}}},"16":{"name":"createMDstring","decl":{"start":{"line":211,"column":16},"end":{"line":211,"column":30}},"loc":{"start":{"line":211,"column":51},"end":{"line":227,"column":1}}},"17":{"name":"(anonymous_33)","decl":{"start":{"line":216,"column":16},"end":{"line":216,"column":17}},"loc":{"start":{"line":216,"column":34},"end":{"line":216,"column":59}}},"18":{"name":"(anonymous_34)","decl":{"start":{"line":217,"column":16},"end":{"line":217,"column":17}},"loc":{"start":{"line":217,"column":34},"end":{"line":217,"column":50}}},"19":{"name":"(anonymous_35)","decl":{"start":{"line":218,"column":13},"end":{"line":218,"column":14}},"loc":{"start":{"line":218,"column":30},"end":{"line":224,"column":9}}},"20":{"name":"(anonymous_36)","decl":{"start":{"line":219,"column":37},"end":{"line":219,"column":38}},"loc":{"start":{"line":219,"column":51},"end":{"line":221,"column":13}}},"21":{"name":"writeFile","decl":{"start":{"line":229,"column":15},"end":{"line":229,"column":24}},"loc":{"start":{"line":229,"column":95},"end":{"line":233,"column":null}}},"22":{"name":"updateChangelogFile","decl":{"start":{"line":235,"column":22},"end":{"line":235,"column":41}},"loc":{"start":{"line":235,"column":121},"end":{"line":238,"column":null}}}},"branchMap":{"0":{"loc":{"start":{"line":33,"column":8},"end":{"line":49,"column":null}},"type":"switch","locations":[{"start":{"line":34,"column":12},"end":{"line":38,"column":21}},{"start":{"line":40,"column":12},"end":{"line":44,"column":21}},{"start":{"line":46,"column":12},"end":{"line":47,"column":null}}]},"1":{"loc":{"start":{"line":55,"column":8},"end":{"line":57,"column":null}},"type":"if","locations":[{"start":{"line":55,"column":8},"end":{"line":57,"column":null}}]},"2":{"loc":{"start":{"line":70,"column":8},"end":{"line":70,"column":null}},"type":"if","locations":[{"start":{"line":70,"column":8},"end":{"line":70,"column":null}}]},"3":{"loc":{"start":{"line":80,"column":4},"end":{"line":82,"column":null}},"type":"if","locations":[{"start":{"line":80,"column":4},"end":{"line":82,"column":null}}]},"4":{"loc":{"start":{"line":95,"column":4},"end":{"line":97,"column":null}},"type":"if","locations":[{"start":{"line":95,"column":4},"end":{"line":97,"column":null}}]},"5":{"loc":{"start":{"line":95,"column":8},"end":{"line":95,"column":57}},"type":"binary-expr","locations":[{"start":{"line":95,"column":8},"end":{"line":95,"column":31}},{"start":{"line":95,"column":35},"end":{"line":95,"column":57}}]},"6":{"loc":{"start":{"line":101,"column":4},"end":{"line":103,"column":null}},"type":"if","locations":[{"start":{"line":101,"column":4},"end":{"line":103,"column":null}}]},"7":{"loc":{"start":{"line":112,"column":15},"end":{"line":112,"column":87}},"type":"binary-expr","locations":[{"start":{"line":112,"column":15},"end":{"line":112,"column":36}},{"start":{"line":112,"column":40},"end":{"line":112,"column":87}}]},"8":{"loc":{"start":{"line":149,"column":4},"end":{"line":151,"column":null}},"type":"if","locations":[{"start":{"line":149,"column":4},"end":{"line":151,"column":null}}]},"9":{"loc":{"start":{"line":152,"column":4},"end":{"line":162,"column":null}},"type":"switch","locations":[{"start":{"line":153,"column":8},"end":{"line":155,"column":null}},{"start":{"line":156,"column":8},"end":{"line":158,"column":null}},{"start":{"line":159,"column":8},"end":{"line":161,"column":null}}]},"10":{"loc":{"start":{"line":190,"column":11},"end":{"line":190,"column":63}},"type":"cond-expr","locations":[{"start":{"line":190,"column":19},"end":{"line":190,"column":21}},{"start":{"line":190,"column":11},"end":{"line":190,"column":63}}]},"11":{"loc":{"start":{"line":190,"column":11},"end":{"line":190,"column":21}},"type":"binary-expr","locations":[{"start":{"line":190,"column":11},"end":{"line":190,"column":21}},{"start":{"line":190,"column":11},"end":{"line":190,"column":21}}]},"12":{"loc":{"start":{"line":201,"column":19},"end":{"line":201,"column":68}},"type":"cond-expr","locations":[{"start":{"line":201,"column":27},"end":{"line":201,"column":29}},{"start":{"line":201,"column":19},"end":{"line":201,"column":68}}]},"13":{"loc":{"start":{"line":201,"column":19},"end":{"line":201,"column":29}},"type":"binary-expr","locations":[{"start":{"line":201,"column":19},"end":{"line":201,"column":29}},{"start":{"line":201,"column":19},"end":{"line":201,"column":29}}]},"14":{"loc":{"start":{"line":204,"column":4},"end":{"line":207,"column":null}},"type":"if","locations":[{"start":{"line":204,"column":4},"end":{"line":207,"column":null}}]},"15":{"loc":{"start":{"line":204,"column":8},"end":{"line":204,"column":62}},"type":"binary-expr","locations":[{"start":{"line":204,"column":8},"end":{"line":204,"column":27}},{"start":{"line":204,"column":31},"end":{"line":204,"column":62}}]}},"s":{"0":1,"1":1,"2":1,"3":1,"4":1,"5":1,"6":1,"7":1,"8":1,"9":1,"10":1,"11":0,"12":0,"13":0,"14":0,"15":0,"16":0,"17":0,"18":0,"19":0,"20":0,"21":0,"22":0,"23":0,"24":0,"25":0,"26":0,"27":0,"28":0,"29":0,"30":0,"31":0,"32":0,"33":0,"34":0,"35":0,"36":0,"37":1,"38":1,"39":0,"40":0,"41":0,"42":0,"43":0,"44":0,"45":0,"46":0,"47":0,"48":0,"49":0,"50":0,"51":0,"52":0,"53":0,"54":0,"55":0,"56":0,"57":0,"58":0,"59":0,"60":3,"61":3,"62":0,"63":3,"64":1,"65":1,"66":1,"67":1,"68":1,"69":1,"70":1,"71":0,"72":1,"73":0,"74":1,"75":3,"76":3,"77":3,"78":3,"79":3,"80":3,"81":3,"82":3,"83":3,"84":1,"85":18,"86":99,"87":18,"88":4,"89":1,"90":7,"91":7,"92":7,"93":23,"94":7,"95":7,"96":7,"97":7,"98":0,"99":0,"100":7,"101":1,"102":0,"103":0,"104":0,"105":0,"106":0,"107":0,"108":0,"109":0,"110":0,"111":1,"112":0,"113":0,"114":0,"115":0,"116":0,"117":1,"118":1},"f":{"0":1,"1":0,"2":0,"3":0,"4":0,"5":0,"6":0,"7":3,"8":0,"9":0,"10":3,"11":18,"12":99,"13":4,"14":7,"15":23,"16":0,"17":0,"18":0,"19":0,"20":0,"21":0,"22":0},"b":{"0":[0,0,0],"1":[0],"2":[1],"3":[0],"4":[0],"5":[0,0],"6":[0],"7":[0,0],"8":[0],"9":[1,1,1],"10":[0,18],"11":[18,18],"12":[0,7],"13":[7,7],"14":[0],"15":[7,7]}}
}
