TN:
SF:src/index.ts
FN:11,run
FN:74,handleIssueCommentEvent
FN:89,handlePullRequestEvent
FN:110,findChangelogComment
FN:111,(anonymous_19)
FN:117,getPrComments
FN:127,(anonymous_22)
FN:146,calculateVersion
FN:165,handleChangelogComment
FN:168,splitCommentToParts
FN:171,getChangelogValues
FN:186,getChangelogPartLines
FN:187,(anonymous_28)
FN:190,(anonymous_29)
FN:194,getVersionType
FN:197,(anonymous_31)
FN:211,createMDstring
FN:216,(anonymous_33)
FN:217,(anonymous_34)
FN:218,(anonymous_35)
FN:219,(anonymous_36)
FN:229,writeFile
FN:235,updateChangelogFile
FNF:23
FNH:8
FNDA:1,run
FNDA:0,handleIssueCommentEvent
FNDA:0,handlePullRequestEvent
FNDA:0,findChangelogComment
FNDA:0,(anonymous_19)
FNDA:0,getPrComments
FNDA:0,(anonymous_22)
FNDA:3,calculateVersion
FNDA:0,handleChangelogComment
FNDA:0,splitCommentToParts
FNDA:3,getChangelogValues
FNDA:18,getChangelogPartLines
FNDA:99,(anonymous_28)
FNDA:4,(anonymous_29)
FNDA:7,getVersionType
FNDA:23,(anonymous_31)
FNDA:0,createMDstring
FNDA:0,(anonymous_33)
FNDA:0,(anonymous_34)
FNDA:0,(anonymous_35)
FNDA:0,(anonymous_36)
FNDA:0,writeFile
FNDA:0,updateChangelogFile
DA:1,1
DA:3,1
DA:4,1
DA:12,1
DA:13,1
DA:14,1
DA:15,1
DA:16,1
DA:17,1
DA:19,1
DA:23,1
DA:25,0
DA:26,0
DA:31,0
DA:33,0
DA:35,0
DA:36,0
DA:37,0
DA:38,0
DA:41,0
DA:42,0
DA:43,0
DA:44,0
DA:47,0
DA:51,0
DA:52,0
DA:53,0
DA:55,0
DA:56,0
DA:58,0
DA:60,0
DA:62,0
DA:64,0
DA:65,0
DA:66,0
DA:67,0
DA:68,0
DA:70,1
DA:78,0
DA:80,0
DA:81,0
DA:84,0
DA:86,0
DA:92,0
DA:93,0
DA:95,0
DA:96,0
DA:99,0
DA:101,0
DA:102,0
DA:104,0
DA:106,0
DA:111,0
DA:112,0
DA:121,0
DA:125,0
DA:127,0
DA:128,0
DA:129,0
DA:146,1
DA:147,3
DA:149,3
DA:150,0
DA:152,3
DA:154,1
DA:155,1
DA:157,1
DA:158,1
DA:160,1
DA:161,1
DA:165,1
DA:166,0
DA:168,1
DA:169,0
DA:171,1
DA:174,3
DA:175,3
DA:176,3
DA:177,3
DA:178,3
DA:179,3
DA:180,3
DA:181,3
DA:183,3
DA:186,1
DA:187,18
DA:188,99
DA:190,18
DA:194,1
DA:195,7
DA:196,7
DA:197,7
DA:198,23
DA:200,7
DA:201,7
DA:203,7
DA:204,7
DA:205,0
DA:206,0
DA:208,7
DA:211,1
DA:212,0
DA:214,0
DA:215,0
DA:216,0
DA:217,0
DA:219,0
DA:220,0
DA:223,0
DA:226,0
DA:230,0
DA:231,0
DA:232,0
DA:235,1
DA:236,0
DA:237,0
DA:240,1
LF:117
LH:51
BRDA:33,0,0,0
BRDA:33,0,1,0
BRDA:33,0,2,0
BRDA:55,1,0,0
BRDA:70,2,0,1
BRDA:80,3,0,0
BRDA:95,4,0,0
BRDA:95,5,0,0
BRDA:95,5,1,0
BRDA:101,6,0,0
BRDA:112,7,0,0
BRDA:112,7,1,0
BRDA:149,8,0,0
BRDA:152,9,0,1
BRDA:152,9,1,1
BRDA:152,9,2,1
BRDA:190,10,0,0
BRDA:190,10,1,18
BRDA:190,11,0,18
BRDA:190,11,1,18
BRDA:201,12,0,0
BRDA:201,12,1,7
BRDA:201,13,0,7
BRDA:201,13,1,7
BRDA:204,14,0,0
BRDA:204,15,0,7
BRDA:204,15,1,7
BRF:27
BRH:12
end_of_record
